<?xml version="1.0" encoding="UTF-8" ?>
<testsuite errors="5" failures="0" hostname="LivingRoom" name="MainSwordSorcery.StellarCongfigurationTest" skipped="0" tests="5" time="0.066" timestamp="2014-02-16T02:35:05">
  <properties>
[...]
</properties>
  <testcase classname="MainSwordSorcery.StellarCongfigurationTest" name="testAdvanceSuns" time="0.005">
    <error type="java.lang.NullPointerException">java.lang.NullPointerException
	at MainSwordSorcery.StellarCongfigurationTest.testAdvanceSuns(StellarCongfigurationTest.java:33)
</error>
  </testcase>
  <testcase classname="MainSwordSorcery.StellarCongfigurationTest" name="testGetRedSunIsInAscension" time="0.001">
    <error type="java.lang.NullPointerException">java.lang.NullPointerException
	at MainSwordSorcery.StellarCongfigurationTest.testGetRedSunIsInAscension(StellarCongfigurationTest.java:46)
</error>
  </testcase>
  <testcase classname="MainSwordSorcery.StellarCongfigurationTest" name="testGetRedSunIsInDeclension" time="0.001">
    <error type="java.lang.NullPointerException">java.lang.NullPointerException
	at MainSwordSorcery.StellarCongfigurationTest.testGetRedSunIsInDeclension(StellarCongfigurationTest.java:60)
</error>
  </testcase>
  <testcase classname="MainSwordSorcery.StellarCongfigurationTest" name="testGetBlueSunIsInAscension" time="0.001">
    <error type="java.lang.NullPointerException">java.lang.NullPointerException
	at MainSwordSorcery.StellarCongfigurationTest.testGetBlueSunIsInAscension(StellarCongfigurationTest.java:74)
</error>
  </testcase>
  <testcase classname="MainSwordSorcery.StellarCongfigurationTest" name="testGetBlueSunIsInDeclension" time="0.001">
    <error type="java.lang.NullPointerException">java.lang.NullPointerException
	at MainSwordSorcery.StellarCongfigurationTest.testGetBlueSunIsInDeclension(StellarCongfigurationTest.java:88)
</error>
  </testcase>
  <system-out><![CDATA[AdvanceSuns
GetRedSunIsInAscension
GetRedSunIsInDeclension
GetBlueSunIsInAscension
GetBlueSunIsInDeclension
]]></system-out>
  <system-err><![CDATA[]]></system-err>
</testsuite>
